Determining if the pthread_create exist failed with the following output:
Change Dir: /home/dark_knight/809_ROS/ariac_qual_2/build/CMakeFiles/CMakeTmp

Run Build Command:"/usr/bin/make" "cmTryCompileExec982954258/fast"
/usr/bin/make -f CMakeFiles/cmTryCompileExec982954258.dir/build.make CMakeFiles/cmTryCompileExec982954258.dir/build
make[1]: Entering directory `/home/dark_knight/809_ROS/ariac_qual_2/build/CMakeFiles/CMakeTmp'
/usr/bin/cmake -E cmake_progress_report /home/dark_knight/809_ROS/ariac_qual_2/build/CMakeFiles/CMakeTmp/CMakeFiles 1
Building C object CMakeFiles/cmTryCompileExec982954258.dir/CheckSymbolExists.c.o
/usr/bin/cc    -o CMakeFiles/cmTryCompileExec982954258.dir/CheckSymbolExists.c.o   -c /home/dark_knight/809_ROS/ariac_qual_2/build/CMakeFiles/CMakeTmp/CheckSymbolExists.c
Linking C executable cmTryCompileExec982954258
/usr/bin/cmake -E cmake_link_script CMakeFiles/cmTryCompileExec982954258.dir/link.txt --verbose=1
/usr/bin/cc       CMakeFiles/cmTryCompileExec982954258.dir/CheckSymbolExists.c.o  -o cmTryCompileExec982954258 -rdynamic 
CMakeFiles/cmTryCompileExec982954258.dir/CheckSymbolExists.c.o: In function `main':
CheckSymbolExists.c:(.text+0x16): undefined reference to `pthread_create'
collect2: error: ld returned 1 exit status
make[1]: *** [cmTryCompileExec982954258] Error 1
make[1]: Leaving directory `/home/dark_knight/809_ROS/ariac_qual_2/build/CMakeFiles/CMakeTmp'
make: *** [cmTryCompileExec982954258/fast] Error 2

File /home/dark_knight/809_ROS/ariac_qual_2/build/CMakeFiles/CMakeTmp/CheckSymbolExists.c:
/* */
#include <pthread.h>

int main(int argc, char** argv)
{
  (void)argv;
#ifndef pthread_create
  return ((int*)(&pthread_create))[argc];
#else
  (void)argc;
  return 0;
#endif
}

Determining if the function pthread_create exists in the pthreads failed with the following output:
Change Dir: /home/dark_knight/809_ROS/ariac_qual_2/build/CMakeFiles/CMakeTmp

Run Build Command:"/usr/bin/make" "cmTryCompileExec10262407/fast"
/usr/bin/make -f CMakeFiles/cmTryCompileExec10262407.dir/build.make CMakeFiles/cmTryCompileExec10262407.dir/build
make[1]: Entering directory `/home/dark_knight/809_ROS/ariac_qual_2/build/CMakeFiles/CMakeTmp'
/usr/bin/cmake -E cmake_progress_report /home/dark_knight/809_ROS/ariac_qual_2/build/CMakeFiles/CMakeTmp/CMakeFiles 1
Building C object CMakeFiles/cmTryCompileExec10262407.dir/CheckFunctionExists.c.o
/usr/bin/cc   -DCHECK_FUNCTION_EXISTS=pthread_create   -o CMakeFiles/cmTryCompileExec10262407.dir/CheckFunctionExists.c.o   -c /usr/share/cmake-3.2/Modules/CheckFunctionExists.c
Linking C executable cmTryCompileExec10262407
/usr/bin/cmake -E cmake_link_script CMakeFiles/cmTryCompileExec10262407.dir/link.txt --verbose=1
/usr/bin/cc   -DCHECK_FUNCTION_EXISTS=pthread_create    CMakeFiles/cmTryCompileExec10262407.dir/CheckFunctionExists.c.o  -o cmTryCompileExec10262407 -rdynamic -lpthreads 
/usr/bin/ld: cannot find -lpthreads
collect2: error: ld returned 1 exit status
make[1]: *** [cmTryCompileExec10262407] Error 1
make[1]: Leaving directory `/home/dark_knight/809_ROS/ariac_qual_2/build/CMakeFiles/CMakeTmp'
make: *** [cmTryCompileExec10262407/fast] Error 2


